#
# There is insufficient memory for the Java Runtime Environment to continue.
# Native memory allocation (malloc) failed to allocate 1513360 bytes for Chunk::new
# Possible reasons:
#   The system is out of physical RAM or swap space
#   The process is running with CompressedOops enabled, and the Java Heap may be blocking the growth of the native heap
# Possible solutions:
#   Reduce memory load on the system
#   Increase physical memory or swap space
#   Check if swap backing store is full
#   Decrease Java heap size (-Xmx/-Xms)
#   Decrease number of Java threads
#   Decrease Java thread stack sizes (-Xss)
#   Set larger code cache with -XX:ReservedCodeCacheSize=
#   JVM is running with Unscaled Compressed Oops mode in which the Java heap is
#     placed in the first 4GB address space. The Java Heap base address is the
#     maximum limit for the native heap growth. Please use -XX:HeapBaseMinAddress
#     to set the Java Heap base and to place the Java Heap above 4GB virtual address.
# This output file may be truncated or incomplete.
#
#  Out of Memory Error (allocation.cpp:389), pid=911180, tid=0x00000000000e15b0
#
# JRE version: OpenJDK Runtime Environment (8.0_212-b04) (build 1.8.0_212-release-1586-b04)
# Java VM: OpenJDK 64-Bit Server VM (25.212-b04 mixed mode windows-amd64 compressed oops)
# Failed to write core dump. Minidumps are not enabled by default on client versions of Windows
#

---------------  T H R E A D  ---------------

Current thread (0x000000001811f800):  JavaThread "C2 CompilerThread1" daemon [_thread_in_native, id=923056, stack(0x0000000018ae0000,0x0000000018be0000)]

Stack: [0x0000000018ae0000,0x0000000018be0000]
[error occurred during error reporting (printing stack bounds), id 0xc0000005]

Native frames: (J=compiled Java code, j=interpreted, Vv=VM code, C=native code)


Current CompileTask:
C2:  13075 2434   !   4       java.net.URLClassLoader$1::run (63 bytes)


---------------  P R O C E S S  ---------------

Java Threads: ( => current thread )
  0x00000000198db800 JavaThread "Cache worker for execution history cache (C:\Users\Kyle-PC\.gradle\caches\5.6.4\executionHistory)" [_thread_blocked, id=926644, stack(0x0000000020e10000,0x0000000020f10000)]
  0x00000000195dc000 JavaThread "Cache worker for cache directory md-rule (C:\Users\Kyle-PC\.gradle\caches\5.6.4\md-rule)" [_thread_blocked, id=926636, stack(0x0000000020d10000,0x0000000020e10000)]
  0x00000000195db800 JavaThread "Cache worker for cache directory md-supplier (C:\Users\Kyle-PC\.gradle\caches\5.6.4\md-supplier)" [_thread_blocked, id=926632, stack(0x0000000020720000,0x0000000020820000)]
  0x00000000195de800 JavaThread "Cache worker for file hash cache (C:\Users\Kyle-PC\Documents\InClassDemo\.gradle\5.6.4\fileHashes)" [_thread_blocked, id=926520, stack(0x000000001dfd0000,0x000000001e0d0000)]
  0x00000000195dd800 JavaThread "Cache worker for journal cache (C:\Users\Kyle-PC\.gradle\caches\journal-1)" [_thread_blocked, id=926480, stack(0x000000001cf00000,0x000000001d000000)]
  0x00000000195e0000 JavaThread "File lock request listener" [_thread_in_native, id=926476, stack(0x000000001ce00000,0x000000001cf00000)]
  0x00000000195dd000 JavaThread "Cache worker for file hash cache (C:\Users\Kyle-PC\.gradle\caches\5.6.4\fileHashes)" [_thread_blocked, id=926472, stack(0x000000001cd00000,0x000000001ce00000)]
  0x000000001a0a1800 JavaThread "Thread-9" [_thread_blocked, id=926460, stack(0x000000001ca00000,0x000000001cb00000)]
  0x000000001a0ef000 JavaThread "Stdin handler" [_thread_blocked, id=926456, stack(0x000000001c900000,0x000000001ca00000)]
  0x0000000019520800 JavaThread "Asynchronous log dispatcher for DefaultDaemonConnection: socket connection from /127.0.0.1:63657 to /127.0.0.1:63658" [_thread_blocked, id=926452, stack(0x000000001c800000,0x000000001c900000)]
  0x0000000019dce000 JavaThread "Daemon worker" [_thread_in_native, id=926440, stack(0x000000001c600000,0x000000001c700000)]
  0x0000000019dcd000 JavaThread "Cancel handler" [_thread_blocked, id=926436, stack(0x000000001c500000,0x000000001c600000)]
  0x0000000019a41000 JavaThread "Handler for socket connection from /127.0.0.1:63657 to /127.0.0.1:63658" [_thread_in_native, id=926432, stack(0x000000001c200000,0x000000001c300000)]
  0x0000000019e58000 JavaThread "Daemon" [_thread_blocked, id=926420, stack(0x000000001c100000,0x000000001c200000)]
  0x000000001959c000 JavaThread "Daemon periodic checks" [_thread_blocked, id=926412, stack(0x000000001c000000,0x000000001c100000)]
  0x0000000019596800 JavaThread "Incoming local TCP Connector on port 63657" [_thread_in_native, id=926408, stack(0x000000001bdc0000,0x000000001bec0000)]
  0x000000001aae9800 JavaThread "Daemon health stats" [_thread_blocked, id=923040, stack(0x000000001b780000,0x000000001b880000)]
  0x00000000181c2800 JavaThread "Service Thread" daemon [_thread_blocked, id=925200, stack(0x0000000018de0000,0x0000000018ee0000)]
  0x000000001812b800 JavaThread "C1 CompilerThread3" daemon [_thread_blocked, id=920172, stack(0x0000000018ce0000,0x0000000018de0000)]
  0x0000000018125000 JavaThread "C2 CompilerThread2" daemon [_thread_blocked, id=908388, stack(0x0000000018be0000,0x0000000018ce0000)]
=>0x000000001811f800 JavaThread "C2 CompilerThread1" daemon [_thread_in_native, id=923056, stack(0x0000000018ae0000,0x0000000018be0000)]
  0x000000001811b800 JavaThread "C2 CompilerThread0" daemon [_thread_in_native, id=925608, stack(0x00000000189e0000,0x0000000018ae0000)]
  0x000000001811a800 JavaThread "Attach Listener" daemon [_thread_blocked, id=925400, stack(0x00000000188e0000,0x00000000189e0000)]
  0x0000000018117000 JavaThread "Signal Dispatcher" daemon [_thread_blocked, id=916304, stack(0x00000000187e0000,0x00000000188e0000)]
  0x000000000254d800 JavaThread "Finalizer" daemon [_thread_blocked, id=886580, stack(0x00000000185f0000,0x00000000186f0000)]
  0x0000000018110800 JavaThread "Reference Handler" daemon [_thread_blocked, id=925396, stack(0x00000000184f0000,0x00000000185f0000)]
  0x000000000234e800 JavaThread "main" [_thread_blocked, id=925412, stack(0x0000000002350000,0x0000000002450000)]

Other Threads:
  0x0000000016306800 VMThread [stack: 0x0000000017ff0000,0x00000000180f0000] [id=924760]
  0x00000000181c3000 WatcherThread [stack: 0x0000000018ee0000,0x0000000018fe0000] [id=916824]

VM state:not at safepoint (normal execution)

VM Mutex/Monitor currently owned by a thread: None

heap address: 0x00000000a0000000, size: 1536 MB, Compressed Oops mode: 32-bit
Narrow klass base: 0x0000000000000000, Narrow klass shift: 3
Compressed class space size: 1073741824 Address: 0x0000000100000000

Heap:
 PSYoungGen      total 153088K, used 108240K [0x00000000e0000000, 0x00000000eaa80000, 0x0000000100000000)
  eden space 131584K, 82% used [0x00000000e0000000,0x00000000e69b4170,0x00000000e8080000)
  from space 21504K, 0% used [0x00000000e9580000,0x00000000e9580000,0x00000000eaa80000)
  to   space 21504K, 0% used [0x00000000e8080000,0x00000000e8080000,0x00000000e9580000)
 ParOldGen       total 186880K, used 14594K [0x00000000a0000000, 0x00000000ab680000, 0x00000000e0000000)
  object space 186880K, 7% used [0x00000000a0000000,0x00000000a0e409c8,0x00000000ab680000)
 Metaspace       used 30323K, capacity 30896K, committed 31104K, reserved 1075200K
  class space    used 4196K, capacity 4393K, committed 4480K, reserved 1048576K

Card table byte_map: [0x0000000011910000,0x0000000011c20000] byte_map_base: 0x0000000011410000

Marking Bits: (ParMarkBitMap*) 0x0000000069899f30
 Begin Bits: [0x0000000012620000, 0x0000000013e20000)
 End Bits:   [0x0000000013e20000, 0x0000000015620000)

Polling page: 0x00000000004f0000

CodeCache: size=245760Kb used=8980Kb max_used=8998Kb free=236779Kb
 bounds [0x0000000002550000, 0x0000000002e20000, 0x0000000011550000]
 total_blobs=3037 nmethods=2359 adapters=590
 compilation: enabled

Compilation events (10 events):
Event: 12.993 Thread 0x000000001812b800 nmethod 2495 0x0000000002e067d0 code [0x0000000002e069c0, 0x0000000002e07428]
Event: 12.993 Thread 0x000000001812b800 2497       1       org.gradle.internal.operations.BuildOperationDescriptor::getId (5 bytes)
Event: 12.993 Thread 0x000000001812b800 nmethod 2497 0x0000000002e00690 code [0x0000000002e007e0, 0x0000000002e008f0]
Event: 12.993 Thread 0x000000001812b800 2490       3       sun.reflect.generics.parser.SignatureParser::parseMethodTypeSignature (41 bytes)
Event: 12.994 Thread 0x000000001812b800 nmethod 2490 0x0000000002e0e9d0 code [0x0000000002e0ebc0, 0x0000000002e0f2c8]
Event: 12.994 Thread 0x000000001812b800 2499       3       java.net.URI::defineString (289 bytes)
Event: 12.998 Thread 0x000000001812b800 nmethod 2499 0x0000000002e0f650 code [0x0000000002e0fc40, 0x0000000002e15868]
Event: 12.998 Thread 0x000000001812b800 2498       3       sun.reflect.DelegatingConstructorAccessorImpl::newInstance (9 bytes)
Event: 12.998 Thread 0x000000001812b800 nmethod 2498 0x0000000002e06390 code [0x0000000002e06500, 0x0000000002e06728]
Event: 13.035 Thread 0x0000000018125000 nmethod 2496 0x0000000002e1ce50 code [0x0000000002e1d040, 0x0000000002e1eb18]

GC Heap History (6 events):
Event: 7.706 GC heap before
{Heap before GC invocations=1 (full 0):
 PSYoungGen      total 153088K, used 131584K [0x00000000e0000000, 0x00000000eaa80000, 0x0000000100000000)
  eden space 131584K, 100% used [0x00000000e0000000,0x00000000e8080000,0x00000000e8080000)
  from space 21504K, 0% used [0x00000000e9580000,0x00000000e9580000,0x00000000eaa80000)
  to   space 21504K, 0% used [0x00000000e8080000,0x00000000e8080000,0x00000000e9580000)
 ParOldGen       total 349696K, used 0K [0x00000000a0000000, 0x00000000b5580000, 0x00000000e0000000)
  object space 349696K, 0% used [0x00000000a0000000,0x00000000a0000000,0x00000000b5580000)
 Metaspace       used 12907K, capacity 13306K, committed 13440K, reserved 1060864K
  class space    used 1761K, capacity 1899K, committed 1920K, reserved 1048576K
Event: 7.723 GC heap after
Heap after GC invocations=1 (full 0):
 PSYoungGen      total 153088K, used 10489K [0x00000000e0000000, 0x00000000eaa80000, 0x0000000100000000)
  eden space 131584K, 0% used [0x00000000e0000000,0x00000000e0000000,0x00000000e8080000)
  from space 21504K, 48% used [0x00000000e8080000,0x00000000e8abe640,0x00000000e9580000)
  to   space 21504K, 0% used [0x00000000e9580000,0x00000000e9580000,0x00000000eaa80000)
 ParOldGen       total 349696K, used 16K [0x00000000a0000000, 0x00000000b5580000, 0x00000000e0000000)
  object space 349696K, 0% used [0x00000000a0000000,0x00000000a0004000,0x00000000b5580000)
 Metaspace       used 12907K, capacity 13306K, committed 13440K, reserved 1060864K
  class space    used 1761K, capacity 1899K, committed 1920K, reserved 1048576K
}
Event: 10.664 GC heap before
{Heap before GC invocations=2 (full 0):
 PSYoungGen      total 153088K, used 106790K [0x00000000e0000000, 0x00000000eaa80000, 0x0000000100000000)
  eden space 131584K, 73% used [0x00000000e0000000,0x00000000e5e0b1f8,0x00000000e8080000)
  from space 21504K, 48% used [0x00000000e8080000,0x00000000e8abe640,0x00000000e9580000)
  to   space 21504K, 0% used [0x00000000e9580000,0x00000000e9580000,0x00000000eaa80000)
 ParOldGen       total 349696K, used 16K [0x00000000a0000000, 0x00000000b5580000, 0x00000000e0000000)
  object space 349696K, 0% used [0x00000000a0000000,0x00000000a0004000,0x00000000b5580000)
 Metaspace       used 20793K, capacity 21250K, committed 21296K, reserved 1067008K
  class space    used 3007K, capacity 3170K, committed 3200K, reserved 1048576K
Event: 10.717 GC heap after
Heap after GC invocations=2 (full 0):
 PSYoungGen      total 153088K, used 15187K [0x00000000e0000000, 0x00000000eaa80000, 0x0000000100000000)
  eden space 131584K, 0% used [0x00000000e0000000,0x00000000e0000000,0x00000000e8080000)
  from space 21504K, 70% used [0x00000000e9580000,0x00000000ea454f48,0x00000000eaa80000)
  to   space 21504K, 0% used [0x00000000e8080000,0x00000000e8080000,0x00000000e9580000)
 ParOldGen       total 349696K, used 24K [0x00000000a0000000, 0x00000000b5580000, 0x00000000e0000000)
  object space 349696K, 0% used [0x00000000a0000000,0x00000000a0006000,0x00000000b5580000)
 Metaspace       used 20793K, capacity 21250K, committed 21296K, reserved 1067008K
  class space    used 3007K, capacity 3170K, committed 3200K, reserved 1048576K
}
Event: 10.717 GC heap before
{Heap before GC invocations=3 (full 1):
 PSYoungGen      total 153088K, used 15187K [0x00000000e0000000, 0x00000000eaa80000, 0x0000000100000000)
  eden space 131584K, 0% used [0x00000000e0000000,0x00000000e0000000,0x00000000e8080000)
  from space 21504K, 70% used [0x00000000e9580000,0x00000000ea454f48,0x00000000eaa80000)
  to   space 21504K, 0% used [0x00000000e8080000,0x00000000e8080000,0x00000000e9580000)
 ParOldGen       total 349696K, used 24K [0x00000000a0000000, 0x00000000b5580000, 0x00000000e0000000)
  object space 349696K, 0% used [0x00000000a0000000,0x00000000a0006000,0x00000000b5580000)
 Metaspace       used 20793K, capacity 21250K, committed 21296K, reserved 1067008K
  class space    used 3007K, capacity 3170K, committed 3200K, reserved 1048576K
Event: 10.766 GC heap after
Heap after GC invocations=3 (full 1):
 PSYoungGen      total 153088K, used 0K [0x00000000e0000000, 0x00000000eaa80000, 0x0000000100000000)
  eden space 131584K, 0% used [0x00000000e0000000,0x00000000e0000000,0x00000000e8080000)
  from space 21504K, 0% used [0x00000000e9580000,0x00000000e9580000,0x00000000eaa80000)
  to   space 21504K, 0% used [0x00000000e8080000,0x00000000e8080000,0x00000000e9580000)
 ParOldGen       total 186880K, used 14594K [0x00000000a0000000, 0x00000000ab680000, 0x00000000e0000000)
  object space 186880K, 7% used [0x00000000a0000000,0x00000000a0e409c8,0x00000000ab680000)
 Metaspace       used 20793K, capacity 21250K, committed 21296K, reserved 1067008K
  class space    used 3007K, capacity 3170K, committed 3200K, reserved 1048576K
}

Deoptimization events (10 events):
Event: 10.411 Thread 0x0000000019dce000 Uncommon trap: reason=unstable_if action=reinterpret pc=0x0000000002b9eb48 method=java.lang.String.regionMatches(ZILjava/lang/String;II)Z @ 41
Event: 10.413 Thread 0x0000000019dce000 Uncommon trap: reason=unstable_if action=reinterpret pc=0x000000000272e648 method=java.lang.ClassLoader.getClassLoadingLock(Ljava/lang/String;)Ljava/lang/Object; @ 6
Event: 10.490 Thread 0x0000000019dce000 Uncommon trap: reason=bimorphic action=maybe_recompile pc=0x0000000002afc694 method=java.io.BufferedInputStream.read([BII)I @ 101
Event: 10.491 Thread 0x0000000019dce000 Uncommon trap: reason=bimorphic action=maybe_recompile pc=0x0000000002afc694 method=java.io.BufferedInputStream.read([BII)I @ 101
Event: 10.494 Thread 0x0000000019dce000 Uncommon trap: reason=bimorphic action=maybe_recompile pc=0x0000000002afc694 method=java.io.BufferedInputStream.read([BII)I @ 101
Event: 10.494 Thread 0x0000000019dce000 Uncommon trap: reason=bimorphic action=maybe_recompile pc=0x0000000002afc694 method=java.io.BufferedInputStream.read([BII)I @ 101
Event: 11.284 Thread 0x0000000019dce000 Uncommon trap: reason=unstable_if action=reinterpret pc=0x0000000002a3c360 method=java.util.HashMap.hash(Ljava/lang/Object;)I @ 1
Event: 11.382 Thread 0x0000000019dce000 Uncommon trap: reason=unstable_if action=reinterpret pc=0x00000000027e9fcc method=java.io.WinNTFileSystem.resolve(Ljava/lang/String;Ljava/lang/String;)Ljava/lang/String; @ 49
Event: 11.426 Thread 0x0000000019dce000 Uncommon trap: reason=unstable_if action=reinterpret pc=0x00000000027da1f0 method=java.util.LinkedHashMap.afterNodeInsertion(Z)V @ 1
Event: 11.923 Thread 0x0000000019dce000 Uncommon trap: reason=unstable_if action=reinterpret pc=0x00000000027d65fc method=java.util.HashMap.getNode(ILjava/lang/Object;)Ljava/util/HashMap$Node; @ 129

Classes redefined (0 events):
No events

Internal exceptions (10 events):
Event: 12.413 Thread 0x0000000019dce000 Exception <a 'java/lang/NoSuchMethodError': java.lang.Object.lambda$thenComparing$36697e65$1(Ljava/util/Comparator;Ljava/lang/Object;Ljava/lang/Object;)I> (0x00000000e5b11770) thrown at [D:\src\AOSP-openjdk-cygwin\jdk8u\hotspot\src\share\vm\interpreter\li
Event: 12.441 Thread 0x0000000019dce000 Exception <a 'java/lang/NoSuchMethodError': java.lang.Object.lambda$comparing$ea9a8b3a$1(Ljava/util/Comparator;Ljava/util/function/Function;Ljava/lang/Object;Ljava/lang/Object;)I> (0x00000000e5b2b300) thrown at [D:\src\AOSP-openjdk-cygwin\jdk8u\hotspot\sr
Event: 12.900 Thread 0x0000000019dce000 Exception <a 'java/lang/ClassNotFoundException': sync_studio_tooling_qz7mt9m00uixyq364ip69vjuBeanInfo> (0x00000000e657ad18) thrown at [D:\src\AOSP-openjdk-cygwin\jdk8u\hotspot\src\share\vm\classfile\systemDictionary.cpp, line 210]
Event: 12.900 Thread 0x0000000019dce000 Exception <a 'java/lang/ClassNotFoundException': sync_studio_tooling_qz7mt9m00uixyq364ip69vjuCustomizer> (0x00000000e6588c40) thrown at [D:\src\AOSP-openjdk-cygwin\jdk8u\hotspot\src\share\vm\classfile\systemDictionary.cpp, line 210]
Event: 12.967 Thread 0x0000000019dce000 Exception <a 'java/lang/ClassNotFoundException': org/gradle/invocation/DefaultGradle_DecoratedBeanInfo> (0x00000000e66bef00) thrown at [D:\src\AOSP-openjdk-cygwin\jdk8u\hotspot\src\share\vm\classfile\systemDictionary.cpp, line 210]
Event: 12.968 Thread 0x0000000019dce000 Exception <a 'java/lang/ClassNotFoundException': org/gradle/invocation/DefaultGradleBeanInfo> (0x00000000e66e75c0) thrown at [D:\src\AOSP-openjdk-cygwin\jdk8u\hotspot\src\share\vm\classfile\systemDictionary.cpp, line 210]
Event: 12.971 Thread 0x0000000019dce000 Exception <a 'java/lang/ClassNotFoundException': org/gradle/api/internal/project/AbstractPluginAwareBeanInfo> (0x00000000e6718650) thrown at [D:\src\AOSP-openjdk-cygwin\jdk8u\hotspot\src\share\vm\classfile\systemDictionary.cpp, line 210]
Event: 12.973 Thread 0x0000000019dce000 Exception <a 'java/lang/ClassNotFoundException': org/gradle/api/internal/project/AbstractPluginAwareCustomizer> (0x00000000e674a260) thrown at [D:\src\AOSP-openjdk-cygwin\jdk8u\hotspot\src\share\vm\classfile\systemDictionary.cpp, line 210]
Event: 12.976 Thread 0x0000000019dce000 Exception <a 'java/lang/ClassNotFoundException': org/gradle/invocation/DefaultGradleCustomizer> (0x00000000e677a830) thrown at [D:\src\AOSP-openjdk-cygwin\jdk8u\hotspot\src\share\vm\classfile\systemDictionary.cpp, line 210]
Event: 12.981 Thread 0x0000000019dce000 Exception <a 'java/lang/ClassNotFoundException': org/gradle/invocation/DefaultGradle_DecoratedCustomizer> (0x00000000e67eee68) thrown at [D:\src\AOSP-openjdk-cygwin\jdk8u\hotspot\src\share\vm\classfile\systemDictionary.cpp, line 210]

Events (10 events):
Event: 12.981 loading class org/gradle/invocation/DefaultGradle_DecoratedCustomizer
Event: 12.981 loading class org/gradle/invocation/DefaultGradle_DecoratedCustomizer done
Event: 12.981 loading class org/gradle/invocation/DefaultGradle_DecoratedCustomizer
Event: 12.981 loading class org/gradle/invocation/DefaultGradle_DecoratedCustomizer done
Event: 12.991 loading class org/gradle/util/ConfigureUtil$WrappedConfigureAction
Event: 12.991 loading class org/gradle/util/ConfigureUtil$WrappedConfigureAction done
Event: 12.991 loading class org/gradle/invocation/DefaultGradle$2
Event: 12.991 loading class org/gradle/invocation/DefaultGradle$2 done
Event: 12.991 loading class org/gradle/configuration/internal/DefaultListenerBuildOperationDecorator$BuildOperationEmittingAction
Event: 12.991 loading class org/gradle/configuration/internal/DefaultListenerBuildOperationDecorator$BuildOperationEmittingAction done


Dynamic libraries:
0x00007ff7ec3d0000 - 0x00007ff7ec401000 	C:\Program Files\Android\Android Studio\jre\bin\java.exe
0x00007ffc09820000 - 0x00007ffc09a01000 	C:\WINDOWS\SYSTEM32\ntdll.dll
0x00007ffc074a0000 - 0x00007ffc07551000 	C:\WINDOWS\System32\KERNEL32.DLL
0x00007ffc06880000 - 0x00007ffc06af3000 	C:\WINDOWS\System32\KERNELBASE.dll
0x00007ffc09150000 - 0x00007ffc091f1000 	C:\WINDOWS\System32\ADVAPI32.dll
0x00007ffc07310000 - 0x00007ffc073ae000 	C:\WINDOWS\System32\msvcrt.dll
0x00007ffc07220000 - 0x00007ffc0727b000 	C:\WINDOWS\System32\sechost.dll
0x00007ffc070f0000 - 0x00007ffc07214000 	C:\WINDOWS\System32\RPCRT4.dll
0x00007ffc08e10000 - 0x00007ffc08fa0000 	C:\WINDOWS\System32\USER32.dll
0x00007ffc05ef0000 - 0x00007ffc05f10000 	C:\WINDOWS\System32\win32u.dll
0x00007ffc09200000 - 0x00007ffc09228000 	C:\WINDOWS\System32\GDI32.dll
0x00007ffc05f10000 - 0x00007ffc060a1000 	C:\WINDOWS\System32\gdi32full.dll
0x00007ffc06b00000 - 0x00007ffc06b9f000 	C:\WINDOWS\System32\msvcp_win.dll
0x00007ffc06ba0000 - 0x00007ffc06c98000 	C:\WINDOWS\System32\ucrtbase.dll
0x00007ffbf84b0000 - 0x00007ffbf8719000 	C:\WINDOWS\WinSxS\amd64_microsoft.windows.common-controls_6595b64144ccf1df_6.0.17134.1345_none_d3ffd07b7c9058ed\COMCTL32.dll
0x00007ffc09410000 - 0x00007ffc09731000 	C:\WINDOWS\System32\combase.dll
0x00007ffc05e70000 - 0x00007ffc05ee9000 	C:\WINDOWS\System32\bcryptPrimitives.dll
0x00007ffc097c0000 - 0x00007ffc097ed000 	C:\WINDOWS\System32\IMM32.DLL
0x0000000066890000 - 0x0000000066962000 	C:\Program Files\Android\Android Studio\jre\jre\bin\msvcr100.dll
0x00000000690d0000 - 0x0000000069916000 	C:\Program Files\Android\Android Studio\jre\jre\bin\server\jvm.dll
0x00007ffc072a0000 - 0x00007ffc072a8000 	C:\WINDOWS\System32\PSAPI.DLL
0x00007ffc01040000 - 0x00007ffc01063000 	C:\WINDOWS\SYSTEM32\WINMM.dll
0x00007ffbf0db0000 - 0x00007ffbf0db9000 	C:\WINDOWS\SYSTEM32\WSOCK32.dll
0x00007ffbffa00000 - 0x00007ffbffa0a000 	C:\WINDOWS\SYSTEM32\VERSION.dll
0x00007ffc07610000 - 0x00007ffc0767c000 	C:\WINDOWS\System32\WS2_32.dll
0x00007ffc01010000 - 0x00007ffc0103a000 	C:\WINDOWS\SYSTEM32\WINMMBASE.dll
0x00007ffc05dc0000 - 0x00007ffc05e09000 	C:\WINDOWS\System32\cfgmgr32.dll
0x00007ffbfd7b0000 - 0x00007ffbfd7bf000 	C:\Program Files\Android\Android Studio\jre\jre\bin\verify.dll
0x00007ffbfd240000 - 0x00007ffbfd269000 	C:\Program Files\Android\Android Studio\jre\jre\bin\java.dll
0x00007ffbfd180000 - 0x00007ffbfd196000 	C:\Program Files\Android\Android Studio\jre\jre\bin\zip.dll
0x00007ffc079c0000 - 0x00007ffc08e05000 	C:\WINDOWS\System32\SHELL32.dll
0x00007ffc07560000 - 0x00007ffc07609000 	C:\WINDOWS\System32\shcore.dll
0x00007ffc06160000 - 0x00007ffc06871000 	C:\WINDOWS\System32\windows.storage.dll
0x00007ffc072b0000 - 0x00007ffc07301000 	C:\WINDOWS\System32\shlwapi.dll
0x00007ffc05bb0000 - 0x00007ffc05bc1000 	C:\WINDOWS\System32\kernel.appcore.dll
0x00007ffc05b90000 - 0x00007ffc05baf000 	C:\WINDOWS\System32\profapi.dll
0x00007ffc05b20000 - 0x00007ffc05b6c000 	C:\WINDOWS\System32\powrprof.dll
0x00007ffc05b70000 - 0x00007ffc05b89000 	C:\WINDOWS\System32\Wldp.dll
0x00007ffc05bd0000 - 0x00007ffc05db2000 	C:\WINDOWS\System32\CRYPT32.dll
0x00007ffc05af0000 - 0x00007ffc05b02000 	C:\WINDOWS\System32\MSASN1.dll
0x00007ffc05e10000 - 0x00007ffc05e67000 	C:\WINDOWS\System32\WINTRUST.dll
0x00007ffc05b10000 - 0x00007ffc05b1a000 	C:\WINDOWS\System32\FLTLIB.DLL
0x00007ffbfd0a0000 - 0x00007ffbfd0ba000 	C:\Program Files\Android\Android Studio\jre\jre\bin\net.dll
0x00007ffbf8060000 - 0x00007ffbf822b000 	C:\WINDOWS\SYSTEM32\urlmon.dll
0x00007ffbf9a00000 - 0x00007ffbf9ca7000 	C:\WINDOWS\SYSTEM32\iertutil.dll
0x00007ffc05560000 - 0x00007ffc0556b000 	C:\WINDOWS\SYSTEM32\CRYPTBASE.DLL
0x00007ffc05390000 - 0x00007ffc053f6000 	C:\WINDOWS\system32\mswsock.dll
0x00007ffbfc1a0000 - 0x00007ffbfc1b3000 	C:\Program Files\Android\Android Studio\jre\jre\bin\nio.dll
0x00007ffbe6890000 - 0x00007ffbe68b6000 	C:\Users\Kyle-PC\.gradle\native\30\windows-amd64\native-platform.dll
0x00007ffbfd4c0000 - 0x00007ffbfd4cd000 	C:\Program Files\Android\Android Studio\jre\jre\bin\management.dll
0x00007ffc05540000 - 0x00007ffc05557000 	C:\WINDOWS\SYSTEM32\CRYPTSP.dll
0x00007ffc04f40000 - 0x00007ffc04f73000 	C:\WINDOWS\system32\rsaenh.dll
0x00007ffc05650000 - 0x00007ffc05675000 	C:\WINDOWS\SYSTEM32\bcrypt.dll
0x00007ffc059f0000 - 0x00007ffc05a18000 	C:\WINDOWS\SYSTEM32\USERENV.dll
0x00007ffc050e0000 - 0x00007ffc05118000 	C:\WINDOWS\SYSTEM32\IPHLPAPI.DLL
0x00007ffc09300000 - 0x00007ffc09308000 	C:\WINDOWS\System32\NSI.dll
0x00007ffbffb10000 - 0x00007ffbffb26000 	C:\WINDOWS\SYSTEM32\dhcpcsvc6.DLL
0x00007ffbff260000 - 0x00007ffbff27a000 	C:\WINDOWS\SYSTEM32\dhcpcsvc.DLL

VM Arguments:
jvm_args: -Xmx1536m -Dfile.encoding=windows-1252 -Duser.country=US -Duser.language=en -Duser.variant 
java_command: org.gradle.launcher.daemon.bootstrap.GradleDaemon 5.6.4
java_class_path (initial): C:\Users\Kyle-PC\.gradle\wrapper\dists\gradle-5.6.4-all\ankdp27end7byghfw1q2sw75f\gradle-5.6.4\lib\gradle-launcher-5.6.4.jar
Launcher Type: SUN_STANDARD

Environment Variables:
JAVA_HOME=C:\Program Files\Java\jre1.8.0_241
CLASSPATH=.;C:\Program Files (x86)\Java\jre7\lib\ext\QTJava.zip
USERNAME=Kyle-PC
OS=Windows_NT
PROCESSOR_IDENTIFIER=Intel64 Family 6 Model 58 Stepping 9, GenuineIntel



---------------  S Y S T E M  ---------------

OS: Windows 10.0 , 64 bit Build 17134 (10.0.17134.753)

CPU:total 8 (initial active 8) (4 cores per cpu, 2 threads per core) family 6 model 58 stepping 9, cmov, cx8, fxsr, mmx, sse, sse2, sse3, ssse3, sse4.1, sse4.2, popcnt, avx, aes, clmul, erms, ht, tsc, tscinvbit, tscinv

Memory: 4k page, physical 33497128k(7089996k free), swap 134160424k(6952k free)

vm_info: OpenJDK 64-Bit Server VM (25.212-b04) for windows-amd64 JRE (1.8.0_212-release-1586-b04), built by "builder" with MS VC++ 10.0 (VS2010)

time: Mon May 11 16:31:45 2020
timezone: Pacific Daylight Time
elapsed time: 13 seconds (0d 0h 0m 13s)

