#
# There is insufficient memory for the Java Runtime Environment to continue.
# Native memory allocation (malloc) failed to allocate 1048576 bytes for AllocateHeap
# Possible reasons:
#   The system is out of physical RAM or swap space
#   The process is running with CompressedOops enabled, and the Java Heap may be blocking the growth of the native heap
# Possible solutions:
#   Reduce memory load on the system
#   Increase physical memory or swap space
#   Check if swap backing store is full
#   Decrease Java heap size (-Xmx/-Xms)
#   Decrease number of Java threads
#   Decrease Java thread stack sizes (-Xss)
#   Set larger code cache with -XX:ReservedCodeCacheSize=
#   JVM is running with Zero Based Compressed Oops mode in which the Java heap is
#     placed in the first 32GB address space. The Java Heap base address is the
#     maximum limit for the native heap growth. Please use -XX:HeapBaseMinAddress
#     to set the Java Heap base and to place the Java Heap above 32GB virtual address.
# This output file may be truncated or incomplete.
#
#  Out of Memory Error (memory/allocation.inline.hpp:61), pid=419812, tid=0x0000000000071298
#
# JRE version:  (8.0_212-b04) (build )
# Java VM: OpenJDK 64-Bit Server VM (25.212-b04 mixed mode windows-amd64 compressed oops)
# Failed to write core dump. Minidumps are not enabled by default on client versions of Windows
#

---------------  T H R E A D  ---------------

Current thread (0x0000000002e53800):  JavaThread "Unknown thread" [_thread_in_vm, id=463512, stack(0x0000000002d50000,0x0000000002e50000)]

Stack: [0x0000000002d50000,0x0000000002e50000]
[error occurred during error reporting (printing stack bounds), id 0xc0000005]

Native frames: (J=compiled Java code, j=interpreted, Vv=VM code, C=native code)


---------------  P R O C E S S  ---------------

Java Threads: ( => current thread )

Other Threads:

=>0x0000000002e53800 (exited) JavaThread "Unknown thread" [_thread_in_vm, id=463512, stack(0x0000000002d50000,0x0000000002e50000)]

VM state:not at safepoint (normal execution)

VM Mutex/Monitor currently owned by a thread: None

heap address: 0x00000006c0c00000, size: 4084 MB, Compressed Oops mode: Zero based, Oop shift amount: 3
Narrow klass base: 0x0000000000000000, Narrow klass shift: 3
Compressed class space size: 1073741824 Address: 0x00000007c0000000

Heap:
 PSYoungGen      total 76288K, used 1310K [0x000000076af00000, 0x0000000770400000, 0x00000007c0000000)
  eden space 65536K, 2% used [0x000000076af00000,0x000000076b047af0,0x000000076ef00000)
  from space 10752K, 0% used [0x000000076f980000,0x000000076f980000,0x0000000770400000)
  to   space 10752K, 0% used [0x000000076ef00000,0x000000076ef00000,0x000000076f980000)
 ParOldGen       total 175104K, used 0K [0x00000006c0c00000, 0x00000006cb700000, 0x000000076af00000)
  object space 175104K, 0% used [0x00000006c0c00000,0x00000006c0c00000,0x00000006cb700000)
 Metaspace       used 778K, capacity 4480K, committed 4480K, reserved 1056768K
  class space    used 74K, capacity 384K, committed 384K, reserved 1048576K

Card table byte_map: [0x0000000012310000,0x0000000012b10000] byte_map_base: 0x000000000ed0a000

Marking Bits: (ParMarkBitMap*) 0x00000000595a9f30
 Begin Bits: [0x0000000013870000, 0x0000000017840000)
 End Bits:   [0x0000000017840000, 0x000000001b810000)

Polling page: 0x0000000000dc0000

CodeCache: size=245760Kb used=328Kb max_used=328Kb free=245431Kb
 bounds [0x0000000002f50000, 0x00000000031c0000, 0x0000000011f50000]
 total_blobs=57 nmethods=0 adapters=38
 compilation: enabled

Compilation events (0 events):
No events

GC Heap History (0 events):
No events

Deoptimization events (0 events):
No events

Classes redefined (0 events):
No events

Internal exceptions (0 events):
No events

Events (10 events):
Event: 0.024 loading class java/lang/Short
Event: 0.024 loading class java/lang/Short done
Event: 0.024 loading class java/lang/Integer
Event: 0.024 loading class java/lang/Integer done
Event: 0.024 loading class java/lang/Long
Event: 0.024 loading class java/lang/Long done
Event: 0.024 loading class java/lang/NullPointerException
Event: 0.024 loading class java/lang/NullPointerException done
Event: 0.024 loading class java/lang/ArithmeticException
Event: 0.024 loading class java/lang/ArithmeticException done


Dynamic libraries:
0x00007ff676af0000 - 0x00007ff676b21000 	C:\Program Files\Android\Android Studio\jre\jre\bin\java.exe
0x00007fff77fd0000 - 0x00007fff781b1000 	C:\WINDOWS\SYSTEM32\ntdll.dll
0x00007fff76380000 - 0x00007fff76431000 	C:\WINDOWS\System32\KERNEL32.DLL
0x00007fff744c0000 - 0x00007fff74733000 	C:\WINDOWS\System32\KERNELBASE.dll
0x00007fff769d0000 - 0x00007fff76a71000 	C:\WINDOWS\System32\ADVAPI32.dll
0x00007fff77f00000 - 0x00007fff77f9e000 	C:\WINDOWS\System32\msvcrt.dll
0x00007fff75860000 - 0x00007fff758bb000 	C:\WINDOWS\System32\sechost.dll
0x00007fff75f30000 - 0x00007fff76054000 	C:\WINDOWS\System32\RPCRT4.dll
0x00007fff76060000 - 0x00007fff761f0000 	C:\WINDOWS\System32\USER32.dll
0x00007fff74400000 - 0x00007fff74420000 	C:\WINDOWS\System32\win32u.dll
0x00007fff75c00000 - 0x00007fff75c28000 	C:\WINDOWS\System32\GDI32.dll
0x00007fff74a30000 - 0x00007fff74bc1000 	C:\WINDOWS\System32\gdi32full.dll
0x00007fff74420000 - 0x00007fff744bf000 	C:\WINDOWS\System32\msvcp_win.dll
0x00007fff75350000 - 0x00007fff75448000 	C:\WINDOWS\System32\ucrtbase.dll
0x00007fff5b6a0000 - 0x00007fff5b909000 	C:\WINDOWS\WinSxS\amd64_microsoft.windows.common-controls_6595b64144ccf1df_6.0.17134.1345_none_d3ffd07b7c9058ed\COMCTL32.dll
0x00007fff758d0000 - 0x00007fff75bf1000 	C:\WINDOWS\System32\combase.dll
0x00007fff74380000 - 0x00007fff743f9000 	C:\WINDOWS\System32\bcryptPrimitives.dll
0x00007fff77ed0000 - 0x00007fff77efd000 	C:\WINDOWS\System32\IMM32.DLL
0x0000000058d00000 - 0x0000000058dd2000 	C:\Program Files\Android\Android Studio\jre\jre\bin\msvcr100.dll
0x0000000058de0000 - 0x0000000059626000 	C:\Program Files\Android\Android Studio\jre\jre\bin\server\jvm.dll
0x00007fff758c0000 - 0x00007fff758c8000 	C:\WINDOWS\System32\PSAPI.DLL
0x00007fff6b690000 - 0x00007fff6b6b3000 	C:\WINDOWS\SYSTEM32\WINMM.dll
0x00007fff5a090000 - 0x00007fff5a099000 	C:\WINDOWS\SYSTEM32\WSOCK32.dll
0x00007fff6ea00000 - 0x00007fff6ea0a000 	C:\WINDOWS\SYSTEM32\VERSION.dll
0x00007fff76250000 - 0x00007fff762bc000 	C:\WINDOWS\System32\WS2_32.dll
0x00007fff6b570000 - 0x00007fff6b59a000 	C:\WINDOWS\SYSTEM32\WINMMBASE.dll
0x00007fff74930000 - 0x00007fff74979000 	C:\WINDOWS\System32\cfgmgr32.dll
0x00007fff6f810000 - 0x00007fff6f81f000 	C:\Program Files\Android\Android Studio\jre\jre\bin\verify.dll
0x00007fff6f3c0000 - 0x00007fff6f3e9000 	C:\Program Files\Android\Android Studio\jre\jre\bin\java.dll
0x00007fff6f550000 - 0x00007fff6f566000 	C:\Program Files\Android\Android Studio\jre\jre\bin\zip.dll

VM Arguments:
java_command: org.jetbrains.git4idea.http.GitAskPassApp Username for 'https://github.com': 
java_class_path (initial): C:/Program Files/Android/Android Studio/plugins/git4idea/lib/git4idea-rt.jar;C:/Program Files/Android/Android Studio/lib/xmlrpc-2.0.1.jar;C:/Program Files/Android/Android Studio/lib/commons-codec-1.13.jar;C:/Program Files/Android/Android Studio/lib/util.jar
Launcher Type: SUN_STANDARD

Environment Variables:
JAVA_HOME=C:\Program Files\Java\jre1.8.0_241
CLASSPATH=.;C:\Program Files (x86)\Java\jre7\lib\ext\QTJava.zip
USERNAME=Kyle-PC
DISPLAY=:0.0
OS=Windows_NT
PROCESSOR_IDENTIFIER=Intel64 Family 6 Model 58 Stepping 9, GenuineIntel



---------------  S Y S T E M  ---------------

OS: Windows 10.0 , 64 bit Build 17134 (10.0.17134.753)

CPU:total 8 (initial active 8) (4 cores per cpu, 2 threads per core) family 6 model 58 stepping 9, cmov, cx8, fxsr, mmx, sse, sse2, sse3, ssse3, sse4.1, sse4.2, popcnt, avx, aes, clmul, erms, ht, tsc, tscinvbit, tscinv

Memory: 4k page, physical 16719912k(2541196k free), swap 67051560k(6096k free)

vm_info: OpenJDK 64-Bit Server VM (25.212-b04) for windows-amd64 JRE (1.8.0_212-release-1586-b04), built by "builder" with MS VC++ 10.0 (VS2010)

time: Tue Apr 21 11:28:30 2020
timezone: Pacific Daylight Time
elapsed time: 0 seconds (0d 0h 0m 0s)

