#
# There is insufficient memory for the Java Runtime Environment to continue.
# Native memory allocation (malloc) failed to allocate 2152176 bytes for Chunk::new
# Possible reasons:
#   The system is out of physical RAM or swap space
#   The process is running with CompressedOops enabled, and the Java Heap may be blocking the growth of the native heap
# Possible solutions:
#   Reduce memory load on the system
#   Increase physical memory or swap space
#   Check if swap backing store is full
#   Decrease Java heap size (-Xmx/-Xms)
#   Decrease number of Java threads
#   Decrease Java thread stack sizes (-Xss)
#   Set larger code cache with -XX:ReservedCodeCacheSize=
#   JVM is running with Unscaled Compressed Oops mode in which the Java heap is
#     placed in the first 4GB address space. The Java Heap base address is the
#     maximum limit for the native heap growth. Please use -XX:HeapBaseMinAddress
#     to set the Java Heap base and to place the Java Heap above 4GB virtual address.
# This output file may be truncated or incomplete.
#
#  Out of Memory Error (allocation.cpp:389), pid=437220, tid=0x0000000000064b08
#
# JRE version: OpenJDK Runtime Environment (8.0_212-b04) (build 1.8.0_212-release-1586-b04)
# Java VM: OpenJDK 64-Bit Server VM (25.212-b04 mixed mode windows-amd64 compressed oops)
# Failed to write core dump. Minidumps are not enabled by default on client versions of Windows
#

---------------  T H R E A D  ---------------

Current thread (0x0000000018190800):  JavaThread "C2 CompilerThread1" daemon [_thread_in_native, id=412424, stack(0x0000000018b50000,0x0000000018c50000)]

Stack: [0x0000000018b50000,0x0000000018c50000]
[error occurred during error reporting (printing stack bounds), id 0xc0000005]

Native frames: (J=compiled Java code, j=interpreted, Vv=VM code, C=native code)


Current CompileTask:
C2: 415208 16975   !   4       java.io.ObjectInputStream::readObject0 (566 bytes)


---------------  P R O C E S S  ---------------

Java Threads: ( => current thread )
  0x0000000021cd0800 JavaThread "stdout" [_thread_in_native, id=414432, stack(0x0000000032ba0000,0x0000000032ca0000)]
  0x0000000021ccc000 JavaThread "stderr" [_thread_blocked, id=402696, stack(0x0000000032aa0000,0x0000000032ba0000)]
  0x0000000021cc9000 JavaThread "stdout" [_thread_in_native, id=463264, stack(0x00000000329a0000,0x0000000032aa0000)]
  0x0000000021ccd000 JavaThread "stderr" [_thread_blocked, id=454716, stack(0x00000000328a0000,0x00000000329a0000)]
  0x0000000021ccb800 JavaThread "WorkerExecutor Queue Thread 8" [_thread_blocked, id=415372, stack(0x00000000327a0000,0x00000000328a0000)]
  0x0000000021cca000 JavaThread "WorkerExecutor Queue Thread 7" [_thread_blocked, id=462252, stack(0x00000000326a0000,0x00000000327a0000)]
  0x0000000021cc1800 JavaThread "WorkerExecutor Queue Thread 6" [_thread_blocked, id=460456, stack(0x00000000325a0000,0x00000000326a0000)]
  0x0000000021cc7000 JavaThread "WorkerExecutor Queue Thread 5" [_thread_blocked, id=463416, stack(0x00000000324a0000,0x00000000325a0000)]
  0x0000000021cc4000 JavaThread "WorkerExecutor Queue Thread 4" [_thread_blocked, id=447340, stack(0x00000000323a0000,0x00000000324a0000)]
  0x0000000021cc8800 JavaThread "WorkerExecutor Queue Thread 3" [_thread_blocked, id=463112, stack(0x00000000322a0000,0x00000000323a0000)]
  0x0000000021cc2800 JavaThread "WorkerExecutor Queue Thread 2" [_thread_blocked, id=457248, stack(0x00000000321a0000,0x00000000322a0000)]
  0x000000001ae3c800 JavaThread "stdout" [_thread_in_native, id=443964, stack(0x00000000320a0000,0x00000000321a0000)]
  0x000000001ae3b000 JavaThread "stderr" [_thread_in_native, id=456072, stack(0x0000000031fa0000,0x00000000320a0000)]
  0x000000001ae38000 JavaThread "stdout" [_thread_in_native, id=455364, stack(0x0000000031ea0000,0x0000000031fa0000)]
  0x000000001ae38800 JavaThread "stderr" [_thread_in_native, id=464660, stack(0x0000000031da0000,0x0000000031ea0000)]
  0x000000001ae3b800 JavaThread "stdout" [_thread_in_native, id=464500, stack(0x0000000031ca0000,0x0000000031da0000)]
  0x000000001ae37000 JavaThread "stderr" [_thread_in_native, id=459420, stack(0x0000000031ba0000,0x0000000031ca0000)]
  0x000000001ae36800 JavaThread "stdout" [_thread_in_native, id=455192, stack(0x0000000031aa0000,0x0000000031ba0000)]
  0x000000001ae3a000 JavaThread "stderr" [_thread_in_native, id=464460, stack(0x00000000319a0000,0x0000000031aa0000)]
  0x000000001ae35000 JavaThread "stdout" [_thread_in_native, id=460632, stack(0x00000000318a0000,0x00000000319a0000)]
  0x000000001ae35800 JavaThread "stderr" [_thread_in_native, id=461660, stack(0x00000000317a0000,0x00000000318a0000)]
  0x000000001ae39800 JavaThread "stdout" [_thread_in_native, id=419236, stack(0x00000000316a0000,0x00000000317a0000)]
  0x000000001ae2d800 JavaThread "stderr" [_thread_in_native, id=459112, stack(0x00000000315a0000,0x00000000316a0000)]
  0x000000001ae33800 JavaThread "pool-26-thread-1" [_thread_blocked, id=229584, stack(0x00000000314a0000,0x00000000315a0000)]
  0x000000001ae31000 JavaThread "WorkerExecutor Queue" [_thread_blocked, id=460972, stack(0x00000000301a0000,0x00000000302a0000)]
  0x000000001ae30800 JavaThread "Cache worker for execution history cache (C:\Users\Kyle-PC\Documents\InClassDemo\.gradle\5.6.4\executionHistory)" [_thread_blocked, id=446676, stack(0x000000002e100000,0x000000002e200000)]
  0x000000001ae2f800 JavaThread "Execution worker for ':' Thread 7" [_thread_blocked, id=409964, stack(0x000000002c060000,0x000000002c160000)]
  0x000000001ae2f000 JavaThread "Execution worker for ':' Thread 6" [_thread_blocked, id=459000, stack(0x000000002bf60000,0x000000002c060000)]
  0x000000001ae2e000 JavaThread "Execution worker for ':' Thread 5" [_thread_blocked, id=296552, stack(0x000000002be60000,0x000000002bf60000)]
  0x000000001ae34000 JavaThread "Execution worker for ':' Thread 4" [_thread_blocked, id=99480, stack(0x000000002bd60000,0x000000002be60000)]
  0x0000000019cbd800 JavaThread "Execution worker for ':' Thread 3" [_thread_blocked, id=463624, stack(0x000000002bc60000,0x000000002bd60000)]
  0x0000000019cbd000 JavaThread "Execution worker for ':' Thread 2" [_thread_blocked, id=463064, stack(0x000000002bb60000,0x000000002bc60000)]
  0x000000001f17d800 JavaThread "Execution worker for ':'" [_thread_blocked, id=259172, stack(0x000000002ba60000,0x000000002bb60000)]
  0x000000001f17d000 JavaThread "Cache worker for file content cache (C:\Users\Kyle-PC\Documents\InClassDemo\.gradle\5.6.4\fileContent)" [_thread_blocked, id=461772, stack(0x000000002b760000,0x000000002b860000)]
  0x000000001f17b800 JavaThread "Cache worker for file content cache (C:\Users\Kyle-PC\.gradle\caches\5.6.4\fileContent)" [_thread_blocked, id=460836, stack(0x000000002b660000,0x000000002b760000)]
  0x000000001f17a000 JavaThread "Cache worker for Build Output Cleanup Cache (C:\Users\Kyle-PC\Documents\InClassDemo\.gradle\buildOutputCleanup)" [_thread_blocked, id=462816, stack(0x000000002b560000,0x000000002b660000)]
  0x000000001f176000 JavaThread "Build operations Thread 8" [_thread_blocked, id=414012, stack(0x000000002b460000,0x000000002b560000)]
  0x000000001f174000 JavaThread "Build operations Thread 7" [_thread_blocked, id=447640, stack(0x000000002b360000,0x000000002b460000)]
  0x0000000019fc4800 JavaThread "Build operations Thread 6" [_thread_blocked, id=463440, stack(0x000000002b260000,0x000000002b360000)]
  0x0000000019fc4000 JavaThread "Build operations Thread 5" [_thread_blocked, id=463188, stack(0x000000002b160000,0x000000002b260000)]
  0x0000000019fc5800 JavaThread "Build operations Thread 4" [_thread_blocked, id=461024, stack(0x000000002b060000,0x000000002b160000)]
  0x0000000019fc1800 JavaThread "Build operations Thread 3" [_thread_blocked, id=413620, stack(0x000000002af60000,0x000000002b060000)]
  0x0000000019fb7800 JavaThread "Build operations Thread 2" [_thread_blocked, id=415388, stack(0x000000002ae60000,0x000000002af60000)]
  0x0000000019fbe800 JavaThread "Build operations" [_thread_blocked, id=464756, stack(0x000000002ad60000,0x000000002ae60000)]
  0x0000000019fbd800 JavaThread "Cache worker for cache directory md-rule (C:\Users\Kyle-PC\.gradle\caches\5.6.4\md-rule)" [_thread_blocked, id=230268, stack(0x000000002ac60000,0x000000002ad60000)]
  0x0000000019fb7000 JavaThread "Cache worker for cache directory md-supplier (C:\Users\Kyle-PC\.gradle\caches\5.6.4\md-supplier)" [_thread_blocked, id=457128, stack(0x000000002ab60000,0x000000002ac60000)]
  0x0000000019fb6000 JavaThread "Cache worker for file hash cache (C:\Users\Kyle-PC\Documents\InClassDemo\.gradle\5.6.4\fileHashes)" [_thread_blocked, id=456608, stack(0x000000002aa60000,0x000000002ab60000)]
  0x0000000019fbd000 JavaThread "Thread-64" [_thread_blocked, id=456444, stack(0x000000002a960000,0x000000002aa60000)]
  0x0000000019fbb800 JavaThread "Stdin handler" [_thread_blocked, id=460656, stack(0x000000002a860000,0x000000002a960000)]
  0x0000000019fbc000 JavaThread "Asynchronous log dispatcher for DefaultDaemonConnection: socket connection from /127.0.0.1:41612 to /127.0.0.1:41659" [_thread_blocked, id=457740, stack(0x000000002a760000,0x000000002a860000)]
  0x0000000019fb8800 JavaThread "Cancel handler" [_thread_blocked, id=456008, stack(0x000000002a660000,0x000000002a760000)]
  0x0000000019fba800 JavaThread "Handler for socket connection from /127.0.0.1:41612 to /127.0.0.1:41659" [_thread_in_native, id=416068, stack(0x000000002a560000,0x000000002a660000)]
  0x000000001f173000 JavaThread "Daemon worker Thread 2" [_thread_blocked, id=462112, stack(0x0000000028490000,0x0000000028590000)]
  0x000000001f172800 JavaThread "Daemon Thread 2" [_thread_blocked, id=464060, stack(0x0000000028190000,0x0000000028290000)]
  0x000000001f17e800 JavaThread "Memory manager" [_thread_blocked, id=464656, stack(0x00000000255e0000,0x00000000256e0000)]
  0x000000001f174800 JavaThread "Cache worker for execution history cache (C:\Users\Kyle-PC\.gradle\caches\5.6.4\executionHistory)" [_thread_blocked, id=462196, stack(0x00000000211d0000,0x00000000212d0000)]
  0x0000000019cbe800 JavaThread "Cache worker for journal cache (C:\Users\Kyle-PC\.gradle\caches\journal-1)" [_thread_blocked, id=229336, stack(0x000000001cf70000,0x000000001d070000)]
  0x0000000019cc0800 JavaThread "File lock request listener" [_thread_in_native, id=463396, stack(0x000000001ce70000,0x000000001cf70000)]
  0x0000000019cbb800 JavaThread "Cache worker for file hash cache (C:\Users\Kyle-PC\.gradle\caches\5.6.4\fileHashes)" [_thread_blocked, id=463876, stack(0x000000001cd70000,0x000000001ce70000)]
  0x000000001ac0e800 JavaThread "Daemon periodic checks" [_thread_blocked, id=462040, stack(0x000000001c070000,0x000000001c170000)]
  0x000000001abd9000 JavaThread "Incoming local TCP Connector on port 41612" [_thread_in_native, id=460924, stack(0x000000001be30000,0x000000001bf30000)]
  0x000000001ab6a000 JavaThread "Daemon health stats" [_thread_blocked, id=464764, stack(0x000000001b7f0000,0x000000001b8f0000)]
  0x000000001822f800 JavaThread "Service Thread" daemon [_thread_blocked, id=463192, stack(0x0000000018e50000,0x0000000018f50000)]
  0x000000001819e000 JavaThread "C1 CompilerThread3" daemon [_thread_blocked, id=401612, stack(0x0000000018d50000,0x0000000018e50000)]
  0x0000000018195000 JavaThread "C2 CompilerThread2" daemon [_thread_blocked, id=462592, stack(0x0000000018c50000,0x0000000018d50000)]
=>0x0000000018190800 JavaThread "C2 CompilerThread1" daemon [_thread_in_native, id=412424, stack(0x0000000018b50000,0x0000000018c50000)]
  0x000000001818c800 JavaThread "C2 CompilerThread0" daemon [_thread_blocked, id=454428, stack(0x0000000018a50000,0x0000000018b50000)]
  0x000000001818b000 JavaThread "Attach Listener" daemon [_thread_blocked, id=463040, stack(0x0000000018950000,0x0000000018a50000)]
  0x0000000018188800 JavaThread "Signal Dispatcher" daemon [_thread_blocked, id=461540, stack(0x0000000018850000,0x0000000018950000)]
  0x0000000018180800 JavaThread "Finalizer" daemon [_thread_blocked, id=463412, stack(0x0000000018660000,0x0000000018760000)]
  0x000000001638c800 JavaThread "Reference Handler" daemon [_thread_blocked, id=456100, stack(0x0000000018560000,0x0000000018660000)]
  0x00000000001fe800 JavaThread "main" [_thread_blocked, id=464224, stack(0x0000000002380000,0x0000000002480000)]

Other Threads:
  0x0000000016386800 VMThread [stack: 0x0000000018060000,0x0000000018160000] [id=455704]
  0x00000000181c4000 WatcherThread [stack: 0x0000000018f50000,0x0000000019050000] [id=464136]

VM state:at safepoint (normal execution)

VM Mutex/Monitor currently owned by a thread:  ([mutex/lock_event])
[0x00000000024b0c50] Threads_lock - owner thread: 0x0000000016386800
[0x00000000024b06d0] Heap_lock - owner thread: 0x000000001f17d800

heap address: 0x00000000a0000000, size: 1536 MB, Compressed Oops mode: 32-bit
Narrow klass base: 0x0000000000000000, Narrow klass shift: 3
Compressed class space size: 1073741824 Address: 0x0000000100000000

Heap:
 PSYoungGen      total 473088K, used 7476K [0x00000000e0000000, 0x00000000ffb00000, 0x0000000100000000)
  eden space 427008K, 0% used [0x00000000e0000000,0x00000000e0000000,0x00000000fa100000)
  from space 46080K, 16% used [0x00000000fce00000,0x00000000fd54d158,0x00000000ffb00000)
  to   space 17408K, 0% used [0x00000000fa100000,0x00000000fa100000,0x00000000fb200000)
 ParOldGen       total 291840K, used 160139K [0x00000000a0000000, 0x00000000b1d00000, 0x00000000e0000000)
  object space 291840K, 54% used [0x00000000a0000000,0x00000000a9c62e40,0x00000000b1d00000)
 Metaspace       used 107470K, capacity 112856K, committed 112896K, reserved 1150976K
  class space    used 13951K, capacity 15086K, committed 15104K, reserved 1048576K

Card table byte_map: [0x0000000011970000,0x0000000011c80000] byte_map_base: 0x0000000011470000

Marking Bits: (ParMarkBitMap*) 0x00000000595a9f30
 Begin Bits: [0x0000000012680000, 0x0000000013e80000)
 End Bits:   [0x0000000013e80000, 0x0000000015680000)

Polling page: 0x00000000005f0000

CodeCache: size=245760Kb used=50683Kb max_used=50974Kb free=195076Kb
 bounds [0x00000000025b0000, 0x00000000057c0000, 0x00000000115b0000]
 total_blobs=15013 nmethods=14124 adapters=800
 compilation: enabled

Compilation events (10 events):
Event: 415.120 Thread 0x000000001819e000 17094       3       org.gradle.internal.service.DefaultServiceRegistry$OwnServices::getFactory (307 bytes)
Event: 415.123 Thread 0x000000001819e000 nmethod 17094 0x00000000052bded0 code [0x00000000052be3c0, 0x00000000052c1778]
Event: 415.123 Thread 0x000000001819e000 17095       3       com.google.gson.internal.Excluder::excludeClassInStrategy (64 bytes)
Event: 415.124 Thread 0x000000001819e000 nmethod 17095 0x0000000003639a50 code [0x0000000003639c20, 0x000000000363a2f8]
Event: 415.124 Thread 0x000000001819e000 17096       3       com.google.gson.internal.$Gson$Preconditions::checkNotNull (14 bytes)
Event: 415.125 Thread 0x000000001819e000 nmethod 17096 0x0000000004ee9b90 code [0x0000000004ee9d00, 0x0000000004ee9f28]
Event: 415.126 Thread 0x000000001819e000 17097       3       org.gradle.api.tasks.util.PatternSet::getExcludes (19 bytes)
Event: 415.126 Thread 0x000000001819e000 nmethod 17097 0x0000000003638f50 code [0x0000000003639120, 0x00000000036396a8]
Event: 415.126 Thread 0x000000001819e000 17098       3       com.google.common.collect.Lists::equalsImpl (114 bytes)
Event: 415.127 Thread 0x000000001819e000 nmethod 17098 0x0000000002e41810 code [0x0000000002e41a60, 0x0000000002e42a48]

GC Heap History (10 events):
Event: 407.564 GC heap after
Heap after GC invocations=20 (full 4):
 PSYoungGen      total 447488K, used 23413K [0x00000000e0000000, 0x00000000fe180000, 0x0000000100000000)
  eden space 414208K, 0% used [0x00000000e0000000,0x00000000e0000000,0x00000000f9480000)
  from space 33280K, 70% used [0x00000000fc100000,0x00000000fd7dd620,0x00000000fe180000)
  to   space 39424K, 0% used [0x00000000f9480000,0x00000000f9480000,0x00000000fbb00000)
 ParOldGen       total 291840K, used 87024K [0x00000000a0000000, 0x00000000b1d00000, 0x00000000e0000000)
  object space 291840K, 29% used [0x00000000a0000000,0x00000000a54fc220,0x00000000b1d00000)
 Metaspace       used 104467K, capacity 109744K, committed 110080K, reserved 1144832K
  class space    used 13626K, capacity 14748K, committed 14848K, reserved 1048576K
}
Event: 408.023 GC heap before
{Heap before GC invocations=21 (full 4):
 PSYoungGen      total 447488K, used 437621K [0x00000000e0000000, 0x00000000fe180000, 0x0000000100000000)
  eden space 414208K, 100% used [0x00000000e0000000,0x00000000f9480000,0x00000000f9480000)
  from space 33280K, 70% used [0x00000000fc100000,0x00000000fd7dd620,0x00000000fe180000)
  to   space 39424K, 0% used [0x00000000f9480000,0x00000000f9480000,0x00000000fbb00000)
 ParOldGen       total 291840K, used 87024K [0x00000000a0000000, 0x00000000b1d00000, 0x00000000e0000000)
  object space 291840K, 29% used [0x00000000a0000000,0x00000000a54fc220,0x00000000b1d00000)
 Metaspace       used 104499K, capacity 109744K, committed 110080K, reserved 1144832K
  class space    used 13627K, capacity 14748K, committed 14848K, reserved 1048576K
Event: 408.060 GC heap after
Heap after GC invocations=21 (full 4):
 PSYoungGen      total 453632K, used 39412K [0x00000000e0000000, 0x0000000100000000, 0x0000000100000000)
  eden space 414208K, 0% used [0x00000000e0000000,0x00000000e0000000,0x00000000f9480000)
  from space 39424K, 99% used [0x00000000f9480000,0x00000000fbafd0c0,0x00000000fbb00000)
  to   space 49152K, 0% used [0x00000000fd000000,0x00000000fd000000,0x0000000100000000)
 ParOldGen       total 291840K, used 96972K [0x00000000a0000000, 0x00000000b1d00000, 0x00000000e0000000)
  object space 291840K, 33% used [0x00000000a0000000,0x00000000a5eb31a0,0x00000000b1d00000)
 Metaspace       used 104499K, capacity 109744K, committed 110080K, reserved 1144832K
  class space    used 13627K, capacity 14748K, committed 14848K, reserved 1048576K
}
Event: 408.367 GC heap before
{Heap before GC invocations=22 (full 4):
 PSYoungGen      total 453632K, used 453620K [0x00000000e0000000, 0x0000000100000000, 0x0000000100000000)
  eden space 414208K, 100% used [0x00000000e0000000,0x00000000f9480000,0x00000000f9480000)
  from space 39424K, 99% used [0x00000000f9480000,0x00000000fbafd0c0,0x00000000fbb00000)
  to   space 49152K, 0% used [0x00000000fd000000,0x00000000fd000000,0x0000000100000000)
 ParOldGen       total 291840K, used 101060K [0x00000000a0000000, 0x00000000b1d00000, 0x00000000e0000000)
  object space 291840K, 34% used [0x00000000a0000000,0x00000000a62b1068,0x00000000b1d00000)
 Metaspace       used 104512K, capacity 109820K, committed 110080K, reserved 1144832K
  class space    used 13628K, capacity 14750K, committed 14848K, reserved 1048576K
Event: 408.407 GC heap after
Heap after GC invocations=22 (full 4):
 PSYoungGen      total 476160K, used 24377K [0x00000000e0000000, 0x0000000100000000, 0x0000000100000000)
  eden space 427008K, 0% used [0x00000000e0000000,0x00000000e0000000,0x00000000fa100000)
  from space 49152K, 49% used [0x00000000fd000000,0x00000000fe7ce460,0x0000000100000000)
  to   space 48128K, 0% used [0x00000000fa100000,0x00000000fa100000,0x00000000fd000000)
 ParOldGen       total 291840K, used 131534K [0x00000000a0000000, 0x00000000b1d00000, 0x00000000e0000000)
  object space 291840K, 45% used [0x00000000a0000000,0x00000000a80738b0,0x00000000b1d00000)
 Metaspace       used 104512K, capacity 109820K, committed 110080K, reserved 1144832K
  class space    used 13628K, capacity 14750K, committed 14848K, reserved 1048576K
}
Event: 409.522 GC heap before
{Heap before GC invocations=23 (full 4):
 PSYoungGen      total 476160K, used 451385K [0x00000000e0000000, 0x0000000100000000, 0x0000000100000000)
  eden space 427008K, 100% used [0x00000000e0000000,0x00000000fa100000,0x00000000fa100000)
  from space 49152K, 49% used [0x00000000fd000000,0x00000000fe7ce460,0x0000000100000000)
  to   space 48128K, 0% used [0x00000000fa100000,0x00000000fa100000,0x00000000fd000000)
 ParOldGen       total 291840K, used 131552K [0x00000000a0000000, 0x00000000b1d00000, 0x00000000e0000000)
  object space 291840K, 45% used [0x00000000a0000000,0x00000000a8078070,0x00000000b1d00000)
 Metaspace       used 105376K, capacity 110710K, committed 110976K, reserved 1144832K
  class space    used 13733K, capacity 14849K, committed 14976K, reserved 1048576K
Event: 409.547 GC heap after
Heap after GC invocations=23 (full 4):
 PSYoungGen      total 444416K, used 16897K [0x00000000e0000000, 0x00000000ffb00000, 0x0000000100000000)
  eden space 427008K, 0% used [0x00000000e0000000,0x00000000e0000000,0x00000000fa100000)
  from space 17408K, 97% used [0x00000000fa100000,0x00000000fb180678,0x00000000fb200000)
  to   space 46080K, 0% used [0x00000000fce00000,0x00000000fce00000,0x00000000ffb00000)
 ParOldGen       total 291840K, used 144352K [0x00000000a0000000, 0x00000000b1d00000, 0x00000000e0000000)
  object space 291840K, 49% used [0x00000000a0000000,0x00000000a8cf81c0,0x00000000b1d00000)
 Metaspace       used 105376K, capacity 110710K, committed 110976K, reserved 1144832K
  class space    used 13733K, capacity 14849K, committed 14976K, reserved 1048576K
}
Event: 415.133 GC heap before
{Heap before GC invocations=24 (full 4):
 PSYoungGen      total 444416K, used 262370K [0x00000000e0000000, 0x00000000ffb00000, 0x0000000100000000)
  eden space 427008K, 57% used [0x00000000e0000000,0x00000000eefb82a0,0x00000000fa100000)
  from space 17408K, 97% used [0x00000000fa100000,0x00000000fb180678,0x00000000fb200000)
  to   space 46080K, 0% used [0x00000000fce00000,0x00000000fce00000,0x00000000ffb00000)
 ParOldGen       total 291840K, used 144352K [0x00000000a0000000, 0x00000000b1d00000, 0x00000000e0000000)
  object space 291840K, 49% used [0x00000000a0000000,0x00000000a8cf81c0,0x00000000b1d00000)
 Metaspace       used 107470K, capacity 112856K, committed 112896K, reserved 1150976K
  class space    used 13951K, capacity 15086K, committed 15104K, reserved 1048576K
Event: 415.156 GC heap after
Heap after GC invocations=24 (full 4):
 PSYoungGen      total 473088K, used 7476K [0x00000000e0000000, 0x00000000ffb00000, 0x0000000100000000)
  eden space 427008K, 0% used [0x00000000e0000000,0x00000000e0000000,0x00000000fa100000)
  from space 46080K, 16% used [0x00000000fce00000,0x00000000fd54d158,0x00000000ffb00000)
  to   space 17408K, 0% used [0x00000000fa100000,0x00000000fa100000,0x00000000fb200000)
 ParOldGen       total 291840K, used 160139K [0x00000000a0000000, 0x00000000b1d00000, 0x00000000e0000000)
  object space 291840K, 54% used [0x00000000a0000000,0x00000000a9c62e40,0x00000000b1d00000)
 Metaspace       used 107470K, capacity 112856K, committed 112896K, reserved 1150976K
  class space    used 13951K, capacity 15086K, committed 15104K, reserved 1048576K
}
Event: 415.156 GC heap before
{Heap before GC invocations=25 (full 5):
 PSYoungGen      total 473088K, used 7476K [0x00000000e0000000, 0x00000000ffb00000, 0x0000000100000000)
  eden space 427008K, 0% used [0x00000000e0000000,0x00000000e0000000,0x00000000fa100000)
  from space 46080K, 16% used [0x00000000fce00000,0x00000000fd54d158,0x00000000ffb00000)
  to   space 17408K, 0% used [0x00000000fa100000,0x00000000fa100000,0x00000000fb200000)
 ParOldGen       total 291840K, used 160139K [0x00000000a0000000, 0x00000000b1d00000, 0x00000000e0000000)
  object space 291840K, 54% used [0x00000000a0000000,0x00000000a9c62e40,0x00000000b1d00000)
 Metaspace       used 107470K, capacity 112856K, committed 112896K, reserved 1150976K
  class space    used 13951K, capacity 15086K, committed 15104K, reserved 1048576K

Deoptimization events (10 events):
Event: 413.771 Thread 0x000000001ae34000 Uncommon trap: reason=class_check action=maybe_recompile pc=0x000000000566c96c method=com.sun.org.apache.xerces.internal.dom.ElementImpl.getAttributes()Lorg/w3c/dom/NamedNodeMap; @ 8
Event: 413.771 Thread 0x000000001ae34000 Uncommon trap: reason=class_check action=maybe_recompile pc=0x000000000566c96c method=com.sun.org.apache.xerces.internal.dom.ElementImpl.getAttributes()Lorg/w3c/dom/NamedNodeMap; @ 8
Event: 413.839 Thread 0x000000001ae34000 Uncommon trap: reason=unstable_if action=reinterpret pc=0x000000000573bcc4 method=com.android.utils.XmlUtils.toXmlAttributeValue(Ljava/lang/String;)Ljava/lang/String; @ 33
Event: 413.839 Thread 0x000000001ae34000 Uncommon trap: reason=unstable_if action=reinterpret pc=0x0000000005683c38 method=com.android.utils.XmlUtils.toXmlAttributeValue(Ljava/lang/String;)Ljava/lang/String; @ 33
Event: 413.867 Thread 0x000000001ae34000 Uncommon trap: reason=unstable_if action=reinterpret pc=0x0000000005737788 method=com.android.utils.XmlUtils.append(Lcom/android/utils/XmlUtils$PositionAwareStringBuilder;Lorg/w3c/dom/Node;Ljava/util/Map;Ljava/util/Set;)V @ 540
Event: 413.872 Thread 0x000000001ae34000 Uncommon trap: reason=unstable_if action=reinterpret pc=0x000000000570e294 method=sun.nio.cs.UTF_8$Encoder.encodeArrayLoop(Ljava/nio/CharBuffer;Ljava/nio/ByteBuffer;)Ljava/nio/charset/CoderResult; @ 175
Event: 413.873 Thread 0x000000001ae34000 Uncommon trap: reason=unstable_if action=reinterpret pc=0x00000000056b54e4 method=sun.nio.cs.UTF_8$Encoder.encodeArrayLoop(Ljava/nio/CharBuffer;Ljava/nio/ByteBuffer;)Ljava/nio/charset/CoderResult; @ 400
Event: 414.434 Thread 0x000000001ae3a000 Uncommon trap: reason=unstable_if action=reinterpret pc=0x0000000004f1cf34 method=java.io.BufferedReader.readLine(Z)Ljava/lang/String; @ 265
Event: 414.983 Thread 0x000000001ae30800 Uncommon trap: reason=unstable_if action=reinterpret pc=0x00000000054ecfc8 method=org.gradle.internal.fingerprint.impl.DefaultFileSystemLocationFingerprint.getType()Lorg/gradle/internal/file/FileType; @ 21
Event: 415.120 Thread 0x000000001f17d800 Uncommon trap: reason=unstable_if action=reinterpret pc=0x0000000004e87cd0 method=com.google.common.collect.Lists.equalsImpl(Ljava/util/List;Ljava/lang/Object;)Z @ 38

Classes redefined (0 events):
No events

Internal exceptions (10 events):
Event: 410.802 Thread 0x000000001ae34000 Implicit null exception at 0x0000000002871614 to 0x00000000028719bd
Event: 410.803 Thread 0x000000001ae34000 Implicit null exception at 0x00000000027dff56 to 0x00000000027e02e9
Event: 410.804 Thread 0x000000001ae34000 Exception <a 'java/lang/NoSuchMethodError': java.lang.Object.lambda$codePoints$1()Ljava/util/Spliterator$OfInt;> (0x00000000e403f588) thrown at [D:\src\AOSP-openjdk-cygwin\jdk8u\hotspot\src\share\vm\interpreter\linkResolver.cpp, line 620]
Event: 412.904 Thread 0x000000001ae34000 Implicit null exception at 0x00000000055c5ae8 to 0x00000000055c5f6c
Event: 413.080 Thread 0x000000001ae34000 Implicit null exception at 0x0000000005673b57 to 0x0000000005673e8d
Event: 413.867 Thread 0x000000001ae34000 Implicit null exception at 0x0000000005739721 to 0x0000000005737765
Event: 414.074 Thread 0x000000001ae34000 Exception <a 'java/lang/NoSuchMethodError': <clinit>> (0x00000000ecb98850) thrown at [D:\src\AOSP-openjdk-cygwin\jdk8u\hotspot\src\share\vm\prims\jni.cpp, line 1614]
Event: 414.081 Thread 0x000000001ae34000 Exception <a 'java/lang/NoSuchMethodError': <clinit>> (0x00000000ece74538) thrown at [D:\src\AOSP-openjdk-cygwin\jdk8u\hotspot\src\share\vm\prims\jni.cpp, line 1614]
Event: 414.081 Thread 0x000000001ae34000 Exception <a 'java/lang/NoSuchMethodError': <clinit>> (0x00000000ece79420) thrown at [D:\src\AOSP-openjdk-cygwin\jdk8u\hotspot\src\share\vm\prims\jni.cpp, line 1614]
Event: 414.087 Thread 0x000000001ae34000 Exception <a 'java/lang/NoSuchMethodError': <clinit>> (0x00000000ece8a350) thrown at [D:\src\AOSP-openjdk-cygwin\jdk8u\hotspot\src\share\vm\prims\jni.cpp, line 1614]

Events (10 events):
Event: 415.127 loading class com/android/build/gradle/tasks/ProcessApplicationManifest$CreationAction$ManifestProviderImpl done
Event: 415.127 loading class com/android/manifmerger/ManifestProvider
Event: 415.127 loading class com/android/manifmerger/ManifestProvider done
Event: 415.128 loading class com/android/manifmerger/ManifestMerger2$MergeType
Event: 415.128 loading class com/android/manifmerger/ManifestMerger2$MergeType done
Event: 415.130 loading class com/android/build/gradle/internal/tasks/manifest/ManifestHelperKt
Event: 415.130 loading class com/android/build/gradle/internal/tasks/manifest/ManifestHelperKt done
Event: 415.132 loading class com/android/manifmerger/ManifestMerger2
Event: 415.132 loading class com/android/manifmerger/ManifestMerger2 done
Event: 415.132 Executing VM operation: CollectForMetadataAllocation


Dynamic libraries:
0x00007ff7fa510000 - 0x00007ff7fa541000 	C:\Program Files\Android\Android Studio\jre\bin\java.exe
0x00007fff77fd0000 - 0x00007fff781b1000 	C:\WINDOWS\SYSTEM32\ntdll.dll
0x00007fff76380000 - 0x00007fff76431000 	C:\WINDOWS\System32\KERNEL32.DLL
0x00007fff744c0000 - 0x00007fff74733000 	C:\WINDOWS\System32\KERNELBASE.dll
0x00007fff769d0000 - 0x00007fff76a71000 	C:\WINDOWS\System32\ADVAPI32.dll
0x00007fff77f00000 - 0x00007fff77f9e000 	C:\WINDOWS\System32\msvcrt.dll
0x00007fff75860000 - 0x00007fff758bb000 	C:\WINDOWS\System32\sechost.dll
0x00007fff75f30000 - 0x00007fff76054000 	C:\WINDOWS\System32\RPCRT4.dll
0x00007fff76060000 - 0x00007fff761f0000 	C:\WINDOWS\System32\USER32.dll
0x00007fff74400000 - 0x00007fff74420000 	C:\WINDOWS\System32\win32u.dll
0x00007fff75c00000 - 0x00007fff75c28000 	C:\WINDOWS\System32\GDI32.dll
0x00007fff74a30000 - 0x00007fff74bc1000 	C:\WINDOWS\System32\gdi32full.dll
0x00007fff74420000 - 0x00007fff744bf000 	C:\WINDOWS\System32\msvcp_win.dll
0x00007fff75350000 - 0x00007fff75448000 	C:\WINDOWS\System32\ucrtbase.dll
0x00007fff5b6a0000 - 0x00007fff5b909000 	C:\WINDOWS\WinSxS\amd64_microsoft.windows.common-controls_6595b64144ccf1df_6.0.17134.1345_none_d3ffd07b7c9058ed\COMCTL32.dll
0x00007fff758d0000 - 0x00007fff75bf1000 	C:\WINDOWS\System32\combase.dll
0x00007fff74380000 - 0x00007fff743f9000 	C:\WINDOWS\System32\bcryptPrimitives.dll
0x00007fff77ed0000 - 0x00007fff77efd000 	C:\WINDOWS\System32\IMM32.DLL
0x0000000058d00000 - 0x0000000058dd2000 	C:\Program Files\Android\Android Studio\jre\jre\bin\msvcr100.dll
0x0000000058de0000 - 0x0000000059626000 	C:\Program Files\Android\Android Studio\jre\jre\bin\server\jvm.dll
0x00007fff758c0000 - 0x00007fff758c8000 	C:\WINDOWS\System32\PSAPI.DLL
0x00007fff5a090000 - 0x00007fff5a099000 	C:\WINDOWS\SYSTEM32\WSOCK32.dll
0x00007fff6b690000 - 0x00007fff6b6b3000 	C:\WINDOWS\SYSTEM32\WINMM.dll
0x00007fff6ea00000 - 0x00007fff6ea0a000 	C:\WINDOWS\SYSTEM32\VERSION.dll
0x00007fff76250000 - 0x00007fff762bc000 	C:\WINDOWS\System32\WS2_32.dll
0x00007fff6b570000 - 0x00007fff6b59a000 	C:\WINDOWS\SYSTEM32\WINMMBASE.dll
0x00007fff74930000 - 0x00007fff74979000 	C:\WINDOWS\System32\cfgmgr32.dll
0x00007fff6f810000 - 0x00007fff6f81f000 	C:\Program Files\Android\Android Studio\jre\jre\bin\verify.dll
0x00007fff6f3c0000 - 0x00007fff6f3e9000 	C:\Program Files\Android\Android Studio\jre\jre\bin\java.dll
0x00007fff6f550000 - 0x00007fff6f566000 	C:\Program Files\Android\Android Studio\jre\jre\bin\zip.dll
0x00007fff76a80000 - 0x00007fff77ec5000 	C:\WINDOWS\System32\SHELL32.dll
0x00007fff762d0000 - 0x00007fff76379000 	C:\WINDOWS\System32\shcore.dll
0x00007fff74bd0000 - 0x00007fff752e1000 	C:\WINDOWS\System32\windows.storage.dll
0x00007fff75450000 - 0x00007fff754a1000 	C:\WINDOWS\System32\shlwapi.dll
0x00007fff74360000 - 0x00007fff74371000 	C:\WINDOWS\System32\kernel.appcore.dll
0x00007fff74340000 - 0x00007fff7435f000 	C:\WINDOWS\System32\profapi.dll
0x00007fff742b0000 - 0x00007fff742fc000 	C:\WINDOWS\System32\powrprof.dll
0x00007fff74300000 - 0x00007fff74319000 	C:\WINDOWS\System32\Wldp.dll
0x00007fff74740000 - 0x00007fff74922000 	C:\WINDOWS\System32\CRYPT32.dll
0x00007fff74320000 - 0x00007fff74332000 	C:\WINDOWS\System32\MSASN1.dll
0x00007fff752f0000 - 0x00007fff75347000 	C:\WINDOWS\System32\WINTRUST.dll
0x00007fff742a0000 - 0x00007fff742aa000 	C:\WINDOWS\System32\FLTLIB.DLL
0x00007fff6f2a0000 - 0x00007fff6f2ba000 	C:\Program Files\Android\Android Studio\jre\jre\bin\net.dll
0x00007fff68ec0000 - 0x00007fff6908b000 	C:\WINDOWS\SYSTEM32\urlmon.dll
0x00007fff659d0000 - 0x00007fff65c77000 	C:\WINDOWS\SYSTEM32\iertutil.dll
0x00007fff73d10000 - 0x00007fff73d1b000 	C:\WINDOWS\SYSTEM32\CRYPTBASE.DLL
0x00007fff73b40000 - 0x00007fff73ba6000 	C:\WINDOWS\system32\mswsock.dll
0x00007fff6bae0000 - 0x00007fff6baf3000 	C:\Program Files\Android\Android Studio\jre\jre\bin\nio.dll
0x00007fff57500000 - 0x00007fff57526000 	C:\Users\Kyle-PC\.gradle\native\30\windows-amd64\native-platform.dll
0x00007fff6f500000 - 0x00007fff6f50d000 	C:\Program Files\Android\Android Studio\jre\jre\bin\management.dll
0x00007fff73cf0000 - 0x00007fff73d07000 	C:\WINDOWS\SYSTEM32\CRYPTSP.dll
0x00007fff736f0000 - 0x00007fff73723000 	C:\WINDOWS\system32\rsaenh.dll
0x00007fff73e00000 - 0x00007fff73e25000 	C:\WINDOWS\SYSTEM32\bcrypt.dll
0x00007fff741a0000 - 0x00007fff741c8000 	C:\WINDOWS\SYSTEM32\USERENV.dll
0x00007fff73890000 - 0x00007fff738c8000 	C:\WINDOWS\SYSTEM32\IPHLPAPI.DLL
0x00007fff764a0000 - 0x00007fff764a8000 	C:\WINDOWS\System32\NSI.dll
0x00007fff6ea50000 - 0x00007fff6ea66000 	C:\WINDOWS\SYSTEM32\dhcpcsvc6.DLL
0x00007fff6ea10000 - 0x00007fff6ea2a000 	C:\WINDOWS\SYSTEM32\dhcpcsvc.DLL
0x00007fff57630000 - 0x00007fff57654000 	C:\Program Files\Android\Android Studio\jre\jre\bin\sunec.dll
0x00007fff738d0000 - 0x00007fff7398e000 	C:\WINDOWS\SYSTEM32\DNSAPI.dll
0x00007fff6b420000 - 0x00007fff6b42a000 	C:\Windows\System32\rasadhlp.dll
0x00007fff68d50000 - 0x00007fff68dc2000 	C:\WINDOWS\System32\fwpuclnt.dll
0x00007fff6b200000 - 0x00007fff6b20b000 	C:\Program Files\Android\Android Studio\jre\jre\bin\sunmscapi.dll
0x00007fff73360000 - 0x00007fff73391000 	C:\WINDOWS\SYSTEM32\ntmarta.dll
0x00007fff72470000 - 0x00007fff724fb000 	C:\WINDOWS\system32\apphelp.dll

VM Arguments:
jvm_args: -Xmx1536m -Dfile.encoding=windows-1252 -Duser.country=US -Duser.language=en -Duser.variant 
java_command: org.gradle.launcher.daemon.bootstrap.GradleDaemon 5.6.4
java_class_path (initial): C:\Users\Kyle-PC\.gradle\wrapper\dists\gradle-5.6.4-all\ankdp27end7byghfw1q2sw75f\gradle-5.6.4\lib\gradle-launcher-5.6.4.jar
Launcher Type: SUN_STANDARD

Environment Variables:
JAVA_HOME=C:\Program Files\Java\jre1.8.0_241
CLASSPATH=.;C:\Program Files (x86)\Java\jre7\lib\ext\QTJava.zip
USERNAME=Kyle-PC
OS=Windows_NT
PROCESSOR_IDENTIFIER=Intel64 Family 6 Model 58 Stepping 9, GenuineIntel



---------------  S Y S T E M  ---------------

OS: Windows 10.0 , 64 bit Build 17134 (10.0.17134.753)

CPU:total 8 (initial active 8) (4 cores per cpu, 2 threads per core) family 6 model 58 stepping 9, cmov, cx8, fxsr, mmx, sse, sse2, sse3, ssse3, sse4.1, sse4.2, popcnt, avx, aes, clmul, erms, ht, tsc, tscinvbit, tscinv

Memory: 4k page, physical 16719912k(2924188k free), swap 67051560k(1420k free)

vm_info: OpenJDK 64-Bit Server VM (25.212-b04) for windows-amd64 JRE (1.8.0_212-release-1586-b04), built by "builder" with MS VC++ 10.0 (VS2010)

time: Tue Apr 21 11:16:12 2020
timezone: Pacific Daylight Time
elapsed time: 415 seconds (0d 0h 6m 55s)

